<?xml version="1.0" encoding="UTF-8"?>
<!-- Generated by org.testng.reporters.JUnitXMLReporter -->
<testsuite ignored="3" hostname="ammars-macbook-pro.home" failures="0" tests="1" name="Default test" time="6.802" errors="0" timestamp="2025-09-13T19:59:48 EET">
  <testcase classname="Automation.MyTestCases" name="AddItemsToTheCart" time="2.522"/>
  <testcase classname="Automation.MyTestCases" name="SignUpTest" time="0.0">
    <ignored/>
  </testcase> <!-- SignUpTest -->
  <testcase classname="Automation.MyTestCases" name="LogInPage" time="0.0">
    <ignored/>
  </testcase> <!-- LogInPage -->
  <testcase classname="Automation.MyTestCases" name="LogOut" time="0.0">
    <ignored/>
  </testcase> <!-- LogOut -->
</testsuite> <!-- Default test -->
