<?xml version="1.0" encoding="UTF-8"?>
<testng-results ignored="3" total="4" passed="1" failed="0" skipped="0">
  <reporter-output>
  </reporter-output>
  <suite started-at="2025-09-17T12:53:30 EET" name="Default suite" finished-at="2025-09-17T12:53:41 EET" duration-ms="11374">
    <groups>
    </groups>
    <test started-at="2025-09-17T12:53:30 EET" name="Default test" finished-at="2025-09-17T12:53:41 EET" duration-ms="11374">
      <class name="Automation.MyTestCases">
        <test-method is-config="true" signature="MySetup()[pri:0, instance:Automation.MyTestCases@753432a2]" started-at="2025-09-17T12:53:30 EET" name="MySetup" finished-at="2025-09-17T12:53:35 EET" duration-ms="4976" status="PASS">
          <reporter-output>
          </reporter-output>
        </test-method> <!-- MySetup -->
        <test-method signature="AddItemsToTheCart()[pri:4, instance:Automation.MyTestCases@753432a2]" started-at="2025-09-17T12:53:35 EET" name="AddItemsToTheCart" finished-at="2025-09-17T12:53:41 EET" duration-ms="6351" status="PASS">
          <reporter-output>
          </reporter-output>
        </test-method> <!-- AddItemsToTheCart -->
        <test-method is-config="true" signature="AfterMyTest()[pri:0, instance:Automation.MyTestCases@753432a2]" started-at="2025-09-17T12:53:41 EET" name="AfterMyTest" finished-at="2025-09-17T12:53:41 EET" duration-ms="3" status="PASS">
          <reporter-output>
          </reporter-output>
        </test-method> <!-- AfterMyTest -->
      </class> <!-- Automation.MyTestCases -->
    </test> <!-- Default test -->
  </suite> <!-- Default suite -->
</testng-results>
